<?xml version="1.0" encoding="UTF-8"?>
<testng-results ignored="0" total="1" passed="1" failed="0" skipped="0">
  <reporter-output>
  </reporter-output>
  <suite started-at="2023-08-21T21:25:53 BDT" name="Default suite" finished-at="2023-08-21T21:26:32 BDT" duration-ms="38544">
    <groups>
    </groups>
    <test started-at="2023-08-21T21:25:53 BDT" name="Default test" finished-at="2023-08-21T21:26:32 BDT" duration-ms="38544">
      <class name="aarongAppTest.TS7_changeLocation">
        <test-method is-config="true" signature="setupDriver()[pri:0, instance:aarongAppTest.TS7_changeLocation@16150369]" started-at="2023-08-21T21:25:53 BDT" name="setupDriver" finished-at="2023-08-21T21:26:10 BDT" duration-ms="16907" status="PASS">
          <reporter-output>
          </reporter-output>
        </test-method> <!-- setupDriver -->
        <test-method signature="changeLocation()[pri:0, instance:aarongAppTest.TS7_changeLocation@16150369]" started-at="2023-08-21T21:26:10 BDT" name="changeLocation" finished-at="2023-08-21T21:26:21 BDT" duration-ms="11165" status="PASS">
          <reporter-output>
          </reporter-output>
        </test-method> <!-- changeLocation -->
        <test-method is-config="true" signature="teraDown()[pri:0, instance:aarongAppTest.TS7_changeLocation@16150369]" started-at="2023-08-21T21:26:21 BDT" name="teraDown" finished-at="2023-08-21T21:26:32 BDT" duration-ms="10348" status="PASS">
          <reporter-output>
          </reporter-output>
        </test-method> <!-- teraDown -->
      </class> <!-- aarongAppTest.TS7_changeLocation -->
    </test> <!-- Default test -->
  </suite> <!-- Default suite -->
</testng-results>
