<?xml version="1.0" encoding="UTF-8"?>
<testng-results ignored="0" total="1" passed="1" failed="0" skipped="0">
  <reporter-output>
  </reporter-output>
  <suite started-at="2023-08-07T23:46:35 BDT" name="Default suite" finished-at="2023-08-07T23:47:07 BDT" duration-ms="32073">
    <groups>
    </groups>
    <test started-at="2023-08-07T23:46:35 BDT" name="Default test" finished-at="2023-08-07T23:47:07 BDT" duration-ms="32073">
      <class name="aarongAppTest.TS6_searchProduct">
        <test-method is-config="true" signature="setupDriver()[pri:0, instance:aarongAppTest.TS6_searchProduct@79207381]" started-at="2023-08-07T23:46:35 BDT" name="setupDriver" finished-at="2023-08-07T23:46:43 BDT" duration-ms="8382" status="PASS">
          <reporter-output>
          </reporter-output>
        </test-method> <!-- setupDriver -->
        <test-method signature="searchProduct()[pri:0, instance:aarongAppTest.TS6_searchProduct@79207381]" started-at="2023-08-07T23:46:43 BDT" name="searchProduct" finished-at="2023-08-07T23:46:57 BDT" duration-ms="13331" status="PASS">
          <reporter-output>
          </reporter-output>
        </test-method> <!-- searchProduct -->
        <test-method is-config="true" signature="teraDown()[pri:0, instance:aarongAppTest.TS6_searchProduct@79207381]" started-at="2023-08-07T23:46:57 BDT" name="teraDown" finished-at="2023-08-07T23:47:07 BDT" duration-ms="10246" status="PASS">
          <reporter-output>
          </reporter-output>
        </test-method> <!-- teraDown -->
      </class> <!-- aarongAppTest.TS6_searchProduct -->
    </test> <!-- Default test -->
  </suite> <!-- Default suite -->
</testng-results>
